<?xml version="1.0" encoding="UTF-8"?>
<!-- Generated by org.testng.reporters.JUnitXMLReporter -->
<testsuite hostname="GurpreetSingh" name="Test" tests="2" failures="2" timestamp="13 Jul 2017 08:01:32 GMT" time="0.203" errors="0">
  <testcase name="startapp" time="0.173" classname="xtraprograms.P21">
    <failure type="java.lang.NoSuchMethodError" message="com.google.common.base.Preconditions.checkState(ZLjava/lang/String;Ljava/lang/Object;Ljava/lang/Object;Ljava/lang/Object;)V">
      <![CDATA[java.lang.NoSuchMethodError: com.google.common.base.Preconditions.checkState(ZLjava/lang/String;Ljava/lang/Object;Ljava/lang/Object;Ljava/lang/Object;)V
	at org.openqa.selenium.remote.service.DriverService.findExecutable(DriverService.java:111)
	at org.openqa.selenium.chrome.ChromeDriverService.access$000(ChromeDriverService.java:32)
	at org.openqa.selenium.chrome.ChromeDriverService$Builder.findDefaultExecutable(ChromeDriverService.java:137)
	at org.openqa.selenium.remote.service.DriverService$Builder.build(DriverService.java:302)
	at org.openqa.selenium.chrome.ChromeDriverService.createDefaultService(ChromeDriverService.java:88)
	at org.openqa.selenium.chrome.ChromeDriver.<init>(ChromeDriver.java:124)
	at xtraprograms.P21.startapp(P21.java:19)
... Removed 23 stack frames]]>
    </failure>
  </testcase> <!-- startapp -->
  <testcase name="applogout" time="0.001" classname="xtraprograms.P21">
    <failure type="java.lang.NullPointerException">
      <![CDATA[java.lang.NullPointerException
	at xtraprograms.P21.applogout(P21.java:42)
... Removed 23 stack frames]]>
    </failure>
  </testcase> <!-- applogout -->
</testsuite> <!-- Test -->
